<?xml version="1.0" encoding="UTF-8"?>
<testsuite name="EndUserLogingEnqueryInvite"
           tests="3"
           failures="0"
           errors="0"
           skipped="0"
           time="84.676">
  <properties />
  
  
            <testcase name="inviteFriend" time="7.050" classname="com.executer.ExecuteTest" />
                <testcase name="login" time="38.091" classname="com.executer.ExecuteTest" />
                <testcase name="submitFeedback" time="39.535" classname="com.executer.ExecuteTest" />
      
</testsuite>
