<?xml version="1.0" encoding="UTF-8"?>
<testng-results skipped="3" failed="0" total="3" passed="0">
  <reporter-output>
  </reporter-output>
  <suite name="Default suite" duration-ms="83" started-at="2017-05-16T18:08:04Z" finished-at="2017-05-16T18:08:04Z">
    <groups>
    </groups>
    <test name="Default test" duration-ms="83" started-at="2017-05-16T18:08:04Z" finished-at="2017-05-16T18:08:04Z">
      <class name="com.executer.ExecuteTest">
        <test-method status="SKIP" signature="login()[pri:0, instance:com.executer.ExecuteTest@16532d6]" name="login" duration-ms="1" started-at="2017-05-16T23:38:04Z" finished-at="2017-05-16T23:38:04Z">
          <reporter-output>
          </reporter-output>
        </test-method> <!-- login -->
        <test-method status="SKIP" signature="submitFeedback()[pri:0, instance:com.executer.ExecuteTest@16532d6]" name="submitFeedback" duration-ms="1" started-at="2017-05-16T23:38:04Z" finished-at="2017-05-16T23:38:04Z">
          <reporter-output>
          </reporter-output>
        </test-method> <!-- submitFeedback -->
        <test-method status="SKIP" signature="inviteFriend()[pri:0, instance:com.executer.ExecuteTest@16532d6]" name="inviteFriend" duration-ms="1" started-at="2017-05-16T23:38:04Z" finished-at="2017-05-16T23:38:04Z">
          <reporter-output>
          </reporter-output>
        </test-method> <!-- inviteFriend -->
      </class> <!-- com.executer.ExecuteTest -->
      <class name="pom.utils.DriverSetup">
        <test-method status="FAIL" signature="setUp(java.lang.String)[pri:0, instance:pom.utils.DriverSetup@17f6480]" name="setUp" is-config="true" duration-ms="0" started-at="2017-05-16T23:38:04Z" finished-at="2017-05-16T23:38:04Z">
          <params>
            <param index="0">
              <value is-null="true"/>
            </param>
          </params>
          <exception class="java.lang.NullPointerException">
            <full-stacktrace>
              <![CDATA[java.lang.NullPointerException
	at pom.utils.TakeScreenshot.takeScreen(TakeScreenshot.java:21)
	at pom.utils.DriverSetup.setUp(DriverSetup.java:95)
	at sun.reflect.NativeMethodAccessorImpl.invoke0(Native Method)
	at sun.reflect.NativeMethodAccessorImpl.invoke(NativeMethodAccessorImpl.java:62)
	at sun.reflect.DelegatingMethodAccessorImpl.invoke(DelegatingMethodAccessorImpl.java:43)
	at java.lang.reflect.Method.invoke(Method.java:498)
	at org.testng.internal.MethodInvocationHelper.invokeMethod(MethodInvocationHelper.java:85)
	at org.testng.internal.Invoker.invokeConfigurationMethod(Invoker.java:510)
	at org.testng.internal.Invoker.invokeConfigurations(Invoker.java:211)
	at org.testng.internal.Invoker.invokeConfigurations(Invoker.java:138)
	at org.testng.TestRunner.beforeRun(TestRunner.java:647)
	at org.testng.TestRunner.run(TestRunner.java:615)
	at org.testng.SuiteRunner.runTest(SuiteRunner.java:357)
	at org.testng.SuiteRunner.runSequentially(SuiteRunner.java:352)
	at org.testng.SuiteRunner.privateRun(SuiteRunner.java:310)
	at org.testng.SuiteRunner.run(SuiteRunner.java:259)
	at org.testng.SuiteRunnerWorker.runSuite(SuiteRunnerWorker.java:52)
	at org.testng.SuiteRunnerWorker.run(SuiteRunnerWorker.java:86)
	at org.testng.TestNG.runSuitesSequentially(TestNG.java:1185)
	at org.testng.TestNG.runSuitesLocally(TestNG.java:1110)
	at org.testng.TestNG.run(TestNG.java:1018)
	at org.testng.remote.RemoteTestNG.run(RemoteTestNG.java:111)
	at org.testng.remote.RemoteTestNG.initAndRun(RemoteTestNG.java:204)
	at org.testng.remote.RemoteTestNG.main(RemoteTestNG.java:175)
]]>
            </full-stacktrace>
          </exception> <!-- java.lang.NullPointerException -->
          <reporter-output>
          </reporter-output>
        </test-method> <!-- setUp -->
      </class> <!-- pom.utils.DriverSetup -->
    </test> <!-- Default test -->
  </suite> <!-- Default suite -->
</testng-results>
