<?xml version="1.0" encoding="UTF-8"?>
<testng-results skipped="0" failed="0" total="3" passed="3">
  <reporter-output>
  </reporter-output>
  <suite name="MyMoneyKart" duration-ms="113338" started-at="2017-05-16T18:58:52Z" finished-at="2017-05-16T19:00:45Z">
    <groups>
    </groups>
    <test name="EndUserLogingEnqueryInvite" duration-ms="113338" started-at="2017-05-16T18:58:52Z" finished-at="2017-05-16T19:00:45Z">
      <class name="com.executer.ExecuteTest">
        <test-method status="PASS" signature="login()[pri:0, instance:com.executer.ExecuteTest@193948d]" name="login" duration-ms="38091" started-at="2017-05-17T00:29:21Z" finished-at="2017-05-17T00:29:59Z">
          <reporter-output>
          </reporter-output>
        </test-method> <!-- login -->
        <test-method status="PASS" signature="submitFeedback()[pri:0, instance:com.executer.ExecuteTest@193948d]" name="submitFeedback" duration-ms="39535" started-at="2017-05-17T00:29:59Z" finished-at="2017-05-17T00:30:38Z">
          <reporter-output>
          </reporter-output>
        </test-method> <!-- submitFeedback -->
        <test-method status="PASS" signature="inviteFriend()[pri:0, instance:com.executer.ExecuteTest@193948d]" name="inviteFriend" duration-ms="7050" started-at="2017-05-17T00:30:38Z" finished-at="2017-05-17T00:30:45Z">
          <reporter-output>
          </reporter-output>
        </test-method> <!-- inviteFriend -->
      </class> <!-- com.executer.ExecuteTest -->
      <class name="pom.utils.DriverSetup">
        <test-method status="PASS" signature="setUp(java.lang.String)[pri:0, instance:pom.utils.DriverSetup@be2bc2]" name="setUp" is-config="true" duration-ms="28624" started-at="2017-05-17T00:28:52Z" finished-at="2017-05-17T00:29:21Z">
          <params>
            <param index="0">
              <value>
                <![CDATA[firefox]]>
              </value>
            </param>
          </params>
          <reporter-output>
          </reporter-output>
        </test-method> <!-- setUp -->
      </class> <!-- pom.utils.DriverSetup -->
    </test> <!-- EndUserLogingEnqueryInvite -->
  </suite> <!-- MyMoneyKart -->
</testng-results>
