<?xml version="1.0" encoding="UTF-8"?>
<!-- Generated by org.testng.reporters.JUnitXMLReporter -->
<testsuite hostname="TSS167" name="EndUserLogingEnqueryInvite" tests="3" failures="0" timestamp="18 May 2017 08:25:11 GMT" time="61.915" errors="0">
  <testcase name="login" time="13.845" classname="com.executer.ExecuteTest"/>
  <testcase name="submitFeedback" time="14.968" classname="com.executer.ExecuteTest"/>
  <testcase name="inviteFriend" time="6.048" classname="com.executer.ExecuteTest"/>
</testsuite> <!-- EndUserLogingEnqueryInvite -->
