<?xml version="1.0" encoding="UTF-8"?>
<!-- Generated by org.testng.reporters.JUnitXMLReporter -->
<testsuite hostname="TSS167" name="EndUserLogingEnqueryInvite" tests="3" failures="0" timestamp="24 May 2017 08:00:31 GMT" time="160.084" errors="0">
  <testcase name="busSearch" time="20.193" classname="com.executer.BusSuitExecuter"/>
  <testcase name="busListPageLogin" time="65.762" classname="com.executer.BusSuitExecuter"/>
  <testcase name="selectABusSeat" time="2.685" classname="com.executer.BusSuitExecuter"/>
</testsuite> <!-- EndUserLogingEnqueryInvite -->
