<?xml version="1.0" encoding="UTF-8"?>
<testsuite name="EndUserLogingEnqueryInvite"
           tests="3"
           failures="0"
           errors="0"
           skipped="0"
           time="27.446">
  <properties />
  
  
            <testcase name="submitFeedback" time="11.456" classname="com.executer.ExecuteTest" />
                <testcase name="login" time="13.323" classname="com.executer.ExecuteTest" />
                <testcase name="inviteFriend" time="2.667" classname="com.executer.ExecuteTest" />
      
</testsuite>
