<?xml version="1.0" encoding="UTF-8" ?>
<testsuite tests="3" failures="0" name="TestSuite" time="220.59" errors="0" skipped="0">
  <properties>
[...]
</properties>
  <testcase classname="com.mmk.testexecuter.MMKUtilitySuitExecuter" name="prepaidMobileRecharge" time="108.729"/>
  <testcase classname="com.mmk.testexecuter.MMKUtilitySuitExecuter" name="postpaidMobileRecharge" time="48.345"/>
  <testcase classname="com.mmk.testexecuter.MMKUtilitySuitExecuter" name="dthRecharge" time="63.516"/>
</testsuite>