<?xml version="1.0" encoding="UTF-8"?>
<testsuite name="EndUserLogingEnqueryInvite"
           tests="3"
           failures="0"
           errors="0"
           skipped="0"
           time="48.707">
  <properties />
  
  
            <testcase name="submitFeedback" time="15.335" classname="com.executer.ExecuteTest" />
                <testcase name="inviteFriend" time="3.060" classname="com.executer.ExecuteTest" />
                <testcase name="login" time="30.312" classname="com.executer.ExecuteTest" />
      
</testsuite>
