<?xml version="1.0" encoding="UTF-8"?>
<!-- Generated by org.testng.reporters.JUnitXMLReporter -->
<testsuite hostname="narendrasingh" name="Default test" tests="3" failures="0" timestamp="16 May 2017 18:08:04 GMT" time="0.083" errors="0">
  <testcase name="@BeforeTest setUp" time="0.0" classname="pom.utils.DriverSetup">
    <failure type="java.lang.NullPointerException">
      <![CDATA[java.lang.NullPointerException
	at pom.utils.TakeScreenshot.takeScreen(TakeScreenshot.java:21)
	at pom.utils.DriverSetup.setUp(DriverSetup.java:95)
	at sun.reflect.NativeMethodAccessorImpl.invoke0(Native Method)
	at sun.reflect.NativeMethodAccessorImpl.invoke(NativeMethodAccessorImpl.java:62)
	at sun.reflect.DelegatingMethodAccessorImpl.invoke(DelegatingMethodAccessorImpl.java:43)
	at java.lang.reflect.Method.invoke(Method.java:498)
	at org.testng.internal.MethodInvocationHelper.invokeMethod(MethodInvocationHelper.java:85)
	at org.testng.internal.Invoker.invokeConfigurationMethod(Invoker.java:510)
	at org.testng.internal.Invoker.invokeConfigurations(Invoker.java:211)
	at org.testng.internal.Invoker.invokeConfigurations(Invoker.java:138)
	at org.testng.TestRunner.beforeRun(TestRunner.java:647)
	at org.testng.TestRunner.run(TestRunner.java:615)
	at org.testng.SuiteRunner.runTest(SuiteRunner.java:357)
	at org.testng.SuiteRunner.runSequentially(SuiteRunner.java:352)
	at org.testng.SuiteRunner.privateRun(SuiteRunner.java:310)
	at org.testng.SuiteRunner.run(SuiteRunner.java:259)
	at org.testng.SuiteRunnerWorker.runSuite(SuiteRunnerWorker.java:52)
	at org.testng.SuiteRunnerWorker.run(SuiteRunnerWorker.java:86)
	at org.testng.TestNG.runSuitesSequentially(TestNG.java:1185)
	at org.testng.TestNG.runSuitesLocally(TestNG.java:1110)
	at org.testng.TestNG.run(TestNG.java:1018)
	at org.testng.remote.RemoteTestNG.run(RemoteTestNG.java:111)
	at org.testng.remote.RemoteTestNG.initAndRun(RemoteTestNG.java:204)
	at org.testng.remote.RemoteTestNG.main(RemoteTestNG.java:175)
]]>
    </failure>
  </testcase> <!-- @BeforeTest setUp -->
  <testcase name="login" time="0.001" classname="com.executer.ExecuteTest">
    <skipped/>
  </testcase> <!-- login -->
  <testcase name="submitFeedback" time="0.001" classname="com.executer.ExecuteTest">
    <skipped/>
  </testcase> <!-- submitFeedback -->
  <testcase name="inviteFriend" time="0.001" classname="com.executer.ExecuteTest">
    <skipped/>
  </testcase> <!-- inviteFriend -->
</testsuite> <!-- Default test -->
