<?xml version="1.0" encoding="UTF-8"?>
<!-- Generated by org.testng.reporters.JUnitXMLReporter -->
<testsuite hostname="narendrasingh" name="EndUserLogingEnqueryInvite(failed)" tests="3" failures="0" timestamp="16 May 2017 18:37:14 GMT" time="0.26" errors="0">
  <testcase name="@BeforeTest setUp" time="0.0" classname="pom.utils.DriverSetup">
    <failure type="java.lang.NullPointerException">
      <![CDATA[java.lang.NullPointerException
	at pom.utils.TakeScreenshot.takeScreen(TakeScreenshot.java:21)
	at pom.utils.DriverSetup.setUp(DriverSetup.java:95)
... Removed 22 stack frames]]>
    </failure>
  </testcase> <!-- @BeforeTest setUp -->
  <testcase name="login" time="0.002" classname="com.executer.ExecuteTest">
    <skipped/>
  </testcase> <!-- login -->
  <testcase name="submitFeedback" time="0.001" classname="com.executer.ExecuteTest">
    <skipped/>
  </testcase> <!-- submitFeedback -->
  <testcase name="inviteFriend" time="0.001" classname="com.executer.ExecuteTest">
    <skipped/>
  </testcase> <!-- inviteFriend -->
</testsuite> <!-- EndUserLogingEnqueryInvite(failed) -->
